<?xml version="1.0" encoding="UTF-8"?>
<!-- Generated by org.testng.reporters.JUnitXMLReporter -->
<testsuite hostname="DESKTOP-SAUTVKD" ignored="1" name="Default test(failed)(failed)(failed)(failed)" tests="1" failures="0" timestamp="11 May 2022 21:29:13 GMT" time="66.208" errors="0">
  <testcase name="validateEmp" time="25.702" classname="driverFactory.TestScript"/>
  <testcase name="validateUser" time="0.0" classname="driverFactory.TestScript">
    <ignored/>
  </testcase> <!-- validateUser -->
</testsuite> <!-- Default test(failed)(failed)(failed)(failed) -->
